<?xml version="1.0" encoding="UTF-8"?>
<!-- Generated by org.testng.reporters.JUnitReportReporter -->
<testsuite hostname="DESKTOP-OHDR9CR" failures="0" tests="1" name="testCases.TC002_Login_ValidCredentials" time="1.937" errors="0" timestamp="2023-09-06T06:38:40 IST" skipped="0">
  <testcase classname="testCases.TC002_Login_ValidCredentials" name="verifyLoginWithValidCredentials" time="1.937"/>
  <system-out/>
</testsuite> <!-- testCases.TC002_Login_ValidCredentials -->
