<?xml version="1.0" encoding="UTF-8"?>
<!-- Generated by org.testng.reporters.JUnitReportReporter -->
<testsuite hostname="DESKTOP-OHDR9CR" failures="0" tests="2" name="testCases.TC002_Login_ValidCredentials" time="2.304" errors="0" timestamp="2023-09-06T13:24:18 IST" skipped="0">
  <testcase classname="testCases.TC002_Login_ValidCredentials" name="verifyLoginWithValidCredentials" time="2.303"/>
  <system-out/>
  <testcase classname="testCases.TC002_Login_ValidCredentials" name="verifyLogout" time="0.001"/>
  <system-out/>
</testsuite> <!-- testCases.TC002_Login_ValidCredentials -->
